<?xml version="1.0" encoding="UTF-8"?>
<!-- Generated by org.testng.reporters.JUnitReportReporter -->
<testsuite hostname="LM0002088" failures="0" tests="1" name="seleintroduction.JavaStreams1" time="0.011" errors="0" timestamp="2024-05-30T15:15:20 IST" skipped="0">
  <testcase classname="seleintroduction.JavaStreams1" name="streamCollect" time="0.011"/>
</testsuite> <!-- seleintroduction.JavaStreams1 -->
