<?xml version="1.0" encoding="UTF-8"?>
<!-- Generated by org.testng.reporters.JUnitReportReporter -->
<testsuite hostname="LM0002088" failures="0" tests="1" name="test.TestNGBasics" time="0.006" errors="0" timestamp="2024-06-04T12:54:21 IST" skipped="0">
  <testcase classname="test.TestNGBasics" name="Demo" time="0.006"/>
  <system-out/>
</testsuite> <!-- test.TestNGBasics -->
