<?xml version="1.0" encoding="UTF-8"?>
<!-- Generated by org.testng.reporters.JUnitReportReporter -->
<testsuite hostname="LM0002088" failures="0" tests="3" name="test.Basics4" time="0.007" errors="0" timestamp="2024-06-04T12:54:21 IST" skipped="0">
  <testcase classname="test.Basics4" name="APILoginhome" time="0.003"/>
  <system-out/>
  <testcase classname="test.Basics4" name="MobileLoginhome" time="0.003"/>
  <system-out/>
  <testcase classname="test.Basics4" name="WebLoginhome" time="0.001"/>
  <system-out/>
</testsuite> <!-- test.Basics4 -->
