<?xml version="1.0" encoding="UTF-8"?>
<!-- Generated by org.testng.reporters.JUnitReportReporter -->
<testsuite hostname="LM0002088" failures="0" tests="1" name="test.Basics2" time="0.001" errors="0" timestamp="2024-06-03T15:30:18 IST" skipped="0">
  <testcase classname="test.Basics2" name="Demo" time="0.001"/>
  <system-out/>
</testsuite> <!-- test.Basics2 -->
