<?xml version="1.0" encoding="UTF-8"?>
<!-- Generated by org.testng.reporters.JUnitReportReporter -->
<testsuite hostname="LM0002088" failures="0" tests="2" name="SeleniumFrameworkBaics.ErrorValidations" time="11.123" errors="0" timestamp="2024-06-13T11:22:49 IST" skipped="0">
  <testcase classname="SeleniumFrameworkBaics.ErrorValidations" name="LoginErrorValidation" time="5.436"/>
  <testcase classname="SeleniumFrameworkBaics.ErrorValidations" name="submitOrder" time="5.687"/>
</testsuite> <!-- SeleniumFrameworkBaics.ErrorValidations -->
