<?xml version="1.0" encoding="UTF-8"?>
<!-- Generated by org.testng.reporters.JUnitReportReporter -->
<testsuite hostname="LM0002088" failures="0" tests="2" name="SeleniumFrameworkBaics.SubmitOrderTest" time="11.935" errors="0" timestamp="2024-06-13T14:52:43 IST" skipped="0">
  <testcase classname="SeleniumFrameworkBaics.SubmitOrderTest" name="submitOrder" time="5.034"/>
  <testcase classname="SeleniumFrameworkBaics.SubmitOrderTest" name="submitOrder" time="6.901"/>
</testsuite> <!-- SeleniumFrameworkBaics.SubmitOrderTest -->
