<?xml version="1.0" encoding="UTF-8"?>
<!-- Generated by org.testng.reporters.JUnitReportReporter -->
<testsuite hostname="LM0002088" failures="0" tests="1" name="SeleniumFrameworkBaics.ExtentReportss.ExtendReportDemo" time="4.849" errors="0" timestamp="2024-06-17T10:09:23 IST" skipped="0">
  <testcase classname="SeleniumFrameworkBaics.ExtentReportss.ExtendReportDemo" name="initialDemo" time="4.849"/>
</testsuite> <!-- SeleniumFrameworkBaics.ExtentReportss.ExtendReportDemo -->
